\BOOKMARK [1][-]{section.1}{Pr\351sentation du mod\350le}{}% 1
\BOOKMARK [2][-]{subsection.1.1}{Comparaison avec HMM}{section.1}% 2
\BOOKMARK [2][-]{subsection.1.2}{Graphe associ\351 et inf\351rence}{section.1}% 3
\BOOKMARK [1][-]{section.2}{Le probl\350me d'inf\351rence et l'algorithme EM}{}% 4
\BOOKMARK [1][-]{section.3}{E-step}{}% 5
\BOOKMARK [2][-]{subsection.3.1}{Inf\351rence exacte}{section.3}% 6
\BOOKMARK [2][-]{subsection.3.2}{\311chantillonnage de Gibbs}{section.3}% 7
\BOOKMARK [2][-]{subsection.3.3}{Approche variationnelle compl\350tement factoris\351e}{section.3}% 8
\BOOKMARK [2][-]{subsection.3.4}{Approche variationnelle structur\351e}{section.3}% 9
\BOOKMARK [1][-]{section.4}{R\351sultats}{}% 10
\BOOKMARK [2][-]{subsection.4.1}{\311volution de la log-vraisemblance}{section.4}% 11
\BOOKMARK [3][-]{subsubsection.4.1.1}{Inf\351rence exacte}{subsection.4.1}% 12
\BOOKMARK [3][-]{subsubsection.4.1.2}{\311chantillonnage de Gibbs}{subsection.4.1}% 13
\BOOKMARK [3][-]{subsubsection.4.1.3}{Approches variationnelles}{subsection.4.1}% 14
\BOOKMARK [2][-]{subsection.4.2}{Un crit\350re : complexit\351 et temps d'ex\351cution}{section.4}% 15
\BOOKMARK [2][-]{subsection.4.3}{Estimation des param\350tres}{section.4}% 16
\BOOKMARK [1][-]{section.5}{Conclusion}{}% 17
\BOOKMARK [1][-]{section.6}{Appendices}{}% 18
\BOOKMARK [2][-]{subsection.6.1}{Notations}{section.6}% 19
\BOOKMARK [2][-]{subsection.6.2}{Algorithme EM}{section.6}% 20
\BOOKMARK [2][-]{subsection.6.3}{M-step}{section.6}% 21
\BOOKMARK [2][-]{subsection.6.4}{Approche variationnelle compl\350tement factoris\351e}{section.6}% 22
\BOOKMARK [2][-]{subsection.6.5}{Approche variationnelle structur\351e}{section.6}% 23
\BOOKMARK [2][-]{subsection.6.6}{Quelques remarques sur les mod\350les variationnels}{section.6}% 24
\BOOKMARK [2][-]{subsection.6.7}{Comportement aux temps longs}{section.6}% 25
\BOOKMARK [2][-]{subsection.6.8}{Overfitting}{section.6}% 26
